<?xml version='1.0' encoding='UTF-8'?>
<testsuite hostname="benczels-MacBook-Pro.local" name="hu.datapao.imdb.MoviePageParserTest" tests="2" errors="0" failures="0" skipped="0" time="0.381" timestamp="2023-03-30T22:54:23">
          <properties>
[...]
</properties>
          <testcase classname="hu.datapao.imdb.MoviePageParserTest" name="the movie has not won Oscar" time="0.377">
                      
                    </testcase><testcase classname="hu.datapao.imdb.MoviePageParserTest" name="movie page title is TheShawshank Redemption/A remény rabjai" time="0.004">
                      
                    </testcase>
          <system-out><![CDATA[]]></system-out>
          <system-err><![CDATA[]]></system-err>
        </testsuite>